<?xml version="1.0" encoding="UTF-8"?>
<!-- Generated by org.testng.reporters.JUnitReportReporter -->
<testsuite hostname="DESKTOP-15PQLHB" failures="0" tests="1" name="tests.GoogleSearchBar" time="2.968" errors="0" timestamp="2023-10-04T12:39:31 ART" skipped="0">
  <testcase classname="tests.GoogleSearchBar" name="f" time="2.968"/>
  <system-out/>
</testsuite> <!-- tests.GoogleSearchBar -->
