<?xml version="1.0" encoding="UTF-8"?>
<!-- Generated by org.testng.reporters.JUnitReportReporter -->
<testsuite hostname="DESKTOP-15PQLHB" failures="0" tests="1" name="tests.GoogleSearchBar" time="6.283" errors="0" timestamp="2023-10-06T10:44:42 ART" skipped="0">
  <testcase classname="tests.GoogleSearchBar" name="f" time="6.283"/>
  <system-out/>
</testsuite> <!-- tests.GoogleSearchBar -->
